2021-02-16 18:47:56.545 DEBUG 5524 --- [main] org.hibernate.SQL                        : create table contatto (id bigint not null, cognome varchar(255), nome varchar(255), telefono varchar(255), primary key (id)) engine=InnoDB
2021-02-16 18:47:56.816  WARN 5524 --- [main] JpaBaseConfiguration$JpaWebConfiguration : spring.jpa.open-in-view is enabled by default. Therefore, database queries may be performed during view rendering. Explicitly configure spring.jpa.open-in-view to disable this warning
2021-02-16 18:48:07.306 ERROR 5524 --- [http-nio-8080-exec-2] o.a.c.c.C.[.[.[/].[dispatcherServlet]    : Servlet.service() for servlet [dispatcherServlet] in context with path [] threw exception [Request processing failed; nested exception is org.springframework.dao.InvalidDataAccessApiUsageException: Entity must not be null.; nested exception is java.lang.IllegalArgumentException: Entity must not be null.] with root cause

java.lang.IllegalArgumentException: Entity must not be null.
	at org.springframework.util.Assert.notNull(Assert.java:201) ~[spring-core-5.3.3.jar:5.3.3]
	at org.springframework.data.jpa.repository.support.SimpleJpaRepository.save(SimpleJpaRepository.java:554) ~[spring-data-jpa-2.4.3.jar:2.4.3]
	at java.base/jdk.internal.reflect.NativeMethodAccessorImpl.invoke0(Native Method) ~[na:na]
	at java.base/jdk.internal.reflect.NativeMethodAccessorImpl.invoke(NativeMethodAccessorImpl.java:64) ~[na:na]
	at java.base/jdk.internal.reflect.DelegatingMethodAccessorImpl.invoke(DelegatingMethodAccessorImpl.java:43) ~[na:na]
	at java.base/java.lang.reflect.Method.invoke(Method.java:564) ~[na:na]
	at org.springframework.data.repository.core.support.RepositoryMethodInvoker$RepositoryFragmentMethodInvoker.lambda$new$0(RepositoryMethodInvoker.java:289) ~[spring-data-commons-2.4.3.jar:2.4.3]
	at org.springframework.data.repository.core.support.RepositoryMethodInvoker.doInvoke(RepositoryMethodInvoker.java:137) ~[spring-data-commons-2.4.3.jar:2.4.3]
	at org.springframework.data.repository.core.support.RepositoryMethodInvoker.invoke(RepositoryMethodInvoker.java:121) ~[spring-data-commons-2.4.3.jar:2.4.3]
	at org.springframework.data.repository.core.support.RepositoryComposition$RepositoryFragments.invoke(RepositoryComposition.java:524) ~[spring-data-commons-2.4.3.jar:2.4.3]
	at org.springframework.data.repository.core.support.RepositoryComposition.invoke(RepositoryComposition.java:285) ~[spring-data-commons-2.4.3.jar:2.4.3]
	at org.springframework.data.repository.core.support.RepositoryFactorySupport$ImplementationMethodExecutionInterceptor.invoke(RepositoryFactorySupport.java:531) ~[spring-data-commons-2.4.3.jar:2.4.3]
	at org.springframework.aop.framework.ReflectiveMethodInvocation.proceed(ReflectiveMethodInvocation.java:186) ~[spring-aop-5.3.3.jar:5.3.3]
	at org.springframework.data.repository.core.support.QueryExecutorMethodInterceptor.doInvoke(QueryExecutorMethodInterceptor.java:156) ~[spring-data-commons-2.4.3.jar:2.4.3]
	at org.springframework.data.repository.core.support.QueryExecutorMethodInterceptor.invoke(QueryExecutorMethodInterceptor.java:131) ~[spring-data-commons-2.4.3.jar:2.4.3]
	at org.springframework.aop.framework.ReflectiveMethodInvocation.proceed(ReflectiveMethodInvocation.java:186) ~[spring-aop-5.3.3.jar:5.3.3]
	at org.springframework.data.projection.DefaultMethodInvokingMethodInterceptor.invoke(DefaultMethodInvokingMethodInterceptor.java:80) ~[spring-data-commons-2.4.3.jar:2.4.3]
	at org.springframework.aop.framework.ReflectiveMethodInvocation.proceed(ReflectiveMethodInvocation.java:186) ~[spring-aop-5.3.3.jar:5.3.3]
	at org.springframework.transaction.interceptor.TransactionInterceptor$1.proceedWithInvocation(TransactionInterceptor.java:123) ~[spring-tx-5.3.3.jar:5.3.3]
	at org.springframework.transaction.interceptor.TransactionAspectSupport.invokeWithinTransaction(TransactionAspectSupport.java:388) ~[spring-tx-5.3.3.jar:5.3.3]
	at org.springframework.transaction.interceptor.TransactionInterceptor.invoke(TransactionInterceptor.java:119) ~[spring-tx-5.3.3.jar:5.3.3]
	at org.springframework.aop.framework.ReflectiveMethodInvocation.proceed(ReflectiveMethodInvocation.java:186) ~[spring-aop-5.3.3.jar:5.3.3]
	at org.springframework.dao.support.PersistenceExceptionTranslationInterceptor.invoke(PersistenceExceptionTranslationInterceptor.java:137) ~[spring-tx-5.3.3.jar:5.3.3]
	at org.springframework.aop.framework.ReflectiveMethodInvocation.proceed(ReflectiveMethodInvocation.java:186) ~[spring-aop-5.3.3.jar:5.3.3]
	at org.springframework.data.jpa.repository.support.CrudMethodMetadataPostProcessor$CrudMethodMetadataPopulatingMethodInterceptor.invoke(CrudMethodMetadataPostProcessor.java:174) ~[spring-data-jpa-2.4.3.jar:2.4.3]
	at org.springframework.aop.framework.ReflectiveMethodInvocation.proceed(ReflectiveMethodInvocation.java:186) ~[spring-aop-5.3.3.jar:5.3.3]
	at org.springframework.aop.interceptor.ExposeInvocationInterceptor.invoke(ExposeInvocationInterceptor.java:97) ~[spring-aop-5.3.3.jar:5.3.3]
	at org.springframework.aop.framework.ReflectiveMethodInvocation.proceed(ReflectiveMethodInvocation.java:186) ~[spring-aop-5.3.3.jar:5.3.3]
	at org.springframework.aop.framework.JdkDynamicAopProxy.invoke(JdkDynamicAopProxy.java:215) ~[spring-aop-5.3.3.jar:5.3.3]
	at com.sun.proxy.$Proxy78.save(Unknown Source) ~[na:na]
	at it.sirfin.rubricaill.service.impl.RubricaServiceImpl.rubricaAgg(RubricaServiceImpl.java:40) ~[classes/:na]
	at it.sirfin.rubricaill.controller.RubricaIllController.rubricaAgg(RubricaIllController.java:41) ~[classes/:na]
	at java.base/jdk.internal.reflect.NativeMethodAccessorImpl.invoke0(Native Method) ~[na:na]
	at java.base/jdk.internal.reflect.NativeMethodAccessorImpl.invoke(NativeMethodAccessorImpl.java:64) ~[na:na]
	at java.base/jdk.internal.reflect.DelegatingMethodAccessorImpl.invoke(DelegatingMethodAccessorImpl.java:43) ~[na:na]
	at java.base/java.lang.reflect.Method.invoke(Method.java:564) ~[na:na]
	at org.springframework.web.method.support.InvocableHandlerMethod.doInvoke(InvocableHandlerMethod.java:197) ~[spring-web-5.3.3.jar:5.3.3]
	at org.springframework.web.method.support.InvocableHandlerMethod.invokeForRequest(InvocableHandlerMethod.java:141) ~[spring-web-5.3.3.jar:5.3.3]
	at org.springframework.web.servlet.mvc.method.annotation.ServletInvocableHandlerMethod.invokeAndHandle(ServletInvocableHandlerMethod.java:106) ~[spring-webmvc-5.3.3.jar:5.3.3]
	at org.springframework.web.servlet.mvc.method.annotation.RequestMappingHandlerAdapter.invokeHandlerMethod(RequestMappingHandlerAdapter.java:894) ~[spring-webmvc-5.3.3.jar:5.3.3]
	at org.springframework.web.servlet.mvc.method.annotation.RequestMappingHandlerAdapter.handleInternal(RequestMappingHandlerAdapter.java:808) ~[spring-webmvc-5.3.3.jar:5.3.3]
	at org.springframework.web.servlet.mvc.method.AbstractHandlerMethodAdapter.handle(AbstractHandlerMethodAdapter.java:87) ~[spring-webmvc-5.3.3.jar:5.3.3]
	at org.springframework.web.servlet.DispatcherServlet.doDispatch(DispatcherServlet.java:1060) ~[spring-webmvc-5.3.3.jar:5.3.3]
	at org.springframework.web.servlet.DispatcherServlet.doService(DispatcherServlet.java:962) ~[spring-webmvc-5.3.3.jar:5.3.3]
	at org.springframework.web.servlet.FrameworkServlet.processRequest(FrameworkServlet.java:1006) ~[spring-webmvc-5.3.3.jar:5.3.3]
	at org.springframework.web.servlet.FrameworkServlet.doPost(FrameworkServlet.java:909) ~[spring-webmvc-5.3.3.jar:5.3.3]
	at javax.servlet.http.HttpServlet.service(HttpServlet.java:652) ~[tomcat-embed-core-9.0.41.jar:4.0.FR]
	at org.springframework.web.servlet.FrameworkServlet.service(FrameworkServlet.java:883) ~[spring-webmvc-5.3.3.jar:5.3.3]
	at javax.servlet.http.HttpServlet.service(HttpServlet.java:733) ~[tomcat-embed-core-9.0.41.jar:4.0.FR]
	at org.apache.catalina.core.ApplicationFilterChain.internalDoFilter(ApplicationFilterChain.java:231) ~[tomcat-embed-core-9.0.41.jar:9.0.41]
	at org.apache.catalina.core.ApplicationFilterChain.doFilter(ApplicationFilterChain.java:166) ~[tomcat-embed-core-9.0.41.jar:9.0.41]
	at org.apache.tomcat.websocket.server.WsFilter.doFilter(WsFilter.java:53) ~[tomcat-embed-websocket-9.0.41.jar:9.0.41]
	at org.apache.catalina.core.ApplicationFilterChain.internalDoFilter(ApplicationFilterChain.java:193) ~[tomcat-embed-core-9.0.41.jar:9.0.41]
	at org.apache.catalina.core.ApplicationFilterChain.doFilter(ApplicationFilterChain.java:166) ~[tomcat-embed-core-9.0.41.jar:9.0.41]
	at org.springframework.web.filter.RequestContextFilter.doFilterInternal(RequestContextFilter.java:100) ~[spring-web-5.3.3.jar:5.3.3]
	at org.springframework.web.filter.OncePerRequestFilter.doFilter(OncePerRequestFilter.java:119) ~[spring-web-5.3.3.jar:5.3.3]
	at org.apache.catalina.core.ApplicationFilterChain.internalDoFilter(ApplicationFilterChain.java:193) ~[tomcat-embed-core-9.0.41.jar:9.0.41]
	at org.apache.catalina.core.ApplicationFilterChain.doFilter(ApplicationFilterChain.java:166) ~[tomcat-embed-core-9.0.41.jar:9.0.41]
	at org.springframework.web.filter.FormContentFilter.doFilterInternal(FormContentFilter.java:93) ~[spring-web-5.3.3.jar:5.3.3]
	at org.springframework.web.filter.OncePerRequestFilter.doFilter(OncePerRequestFilter.java:119) ~[spring-web-5.3.3.jar:5.3.3]
	at org.apache.catalina.core.ApplicationFilterChain.internalDoFilter(ApplicationFilterChain.java:193) ~[tomcat-embed-core-9.0.41.jar:9.0.41]
	at org.apache.catalina.core.ApplicationFilterChain.doFilter(ApplicationFilterChain.java:166) ~[tomcat-embed-core-9.0.41.jar:9.0.41]
	at org.springframework.web.filter.CharacterEncodingFilter.doFilterInternal(CharacterEncodingFilter.java:201) ~[spring-web-5.3.3.jar:5.3.3]
	at org.springframework.web.filter.OncePerRequestFilter.doFilter(OncePerRequestFilter.java:119) ~[spring-web-5.3.3.jar:5.3.3]
	at org.apache.catalina.core.ApplicationFilterChain.internalDoFilter(ApplicationFilterChain.java:193) ~[tomcat-embed-core-9.0.41.jar:9.0.41]
	at org.apache.catalina.core.ApplicationFilterChain.doFilter(ApplicationFilterChain.java:166) ~[tomcat-embed-core-9.0.41.jar:9.0.41]
	at org.apache.catalina.core.StandardWrapperValve.invoke(StandardWrapperValve.java:202) ~[tomcat-embed-core-9.0.41.jar:9.0.41]
	at org.apache.catalina.core.StandardContextValve.invoke(StandardContextValve.java:97) ~[tomcat-embed-core-9.0.41.jar:9.0.41]
	at org.apache.catalina.authenticator.AuthenticatorBase.invoke(AuthenticatorBase.java:542) ~[tomcat-embed-core-9.0.41.jar:9.0.41]
	at org.apache.catalina.core.StandardHostValve.invoke(StandardHostValve.java:143) ~[tomcat-embed-core-9.0.41.jar:9.0.41]
	at org.apache.catalina.valves.ErrorReportValve.invoke(ErrorReportValve.java:92) ~[tomcat-embed-core-9.0.41.jar:9.0.41]
	at org.apache.catalina.core.StandardEngineValve.invoke(StandardEngineValve.java:78) ~[tomcat-embed-core-9.0.41.jar:9.0.41]
	at org.apache.catalina.connector.CoyoteAdapter.service(CoyoteAdapter.java:343) ~[tomcat-embed-core-9.0.41.jar:9.0.41]
	at org.apache.coyote.http11.Http11Processor.service(Http11Processor.java:374) ~[tomcat-embed-core-9.0.41.jar:9.0.41]
	at org.apache.coyote.AbstractProcessorLight.process(AbstractProcessorLight.java:65) ~[tomcat-embed-core-9.0.41.jar:9.0.41]
	at org.apache.coyote.AbstractProtocol$ConnectionHandler.process(AbstractProtocol.java:888) ~[tomcat-embed-core-9.0.41.jar:9.0.41]
	at org.apache.tomcat.util.net.NioEndpoint$SocketProcessor.doRun(NioEndpoint.java:1597) ~[tomcat-embed-core-9.0.41.jar:9.0.41]
	at org.apache.tomcat.util.net.SocketProcessorBase.run(SocketProcessorBase.java:49) ~[tomcat-embed-core-9.0.41.jar:9.0.41]
	at java.base/java.util.concurrent.ThreadPoolExecutor.runWorker(ThreadPoolExecutor.java:1130) ~[na:na]
	at java.base/java.util.concurrent.ThreadPoolExecutor$Worker.run(ThreadPoolExecutor.java:630) ~[na:na]
	at org.apache.tomcat.util.threads.TaskThread$WrappingRunnable.run(TaskThread.java:61) ~[tomcat-embed-core-9.0.41.jar:9.0.41]
	at java.base/java.lang.Thread.run(Thread.java:832) ~[na:na]

2021-02-16 18:48:20.865 DEBUG 5524 --- [http-nio-8080-exec-3] org.hibernate.SQL                        : select contatto0_.id as id1_0_, contatto0_.cognome as cognome2_0_, contatto0_.nome as nome3_0_, contatto0_.telefono as telefono4_0_ from contatto contatto0_
2021-02-16 18:48:21.237 DEBUG 5524 --- [http-nio-8080-exec-4] org.hibernate.SQL                        : select contatto0_.id as id1_0_, contatto0_.cognome as cognome2_0_, contatto0_.nome as nome3_0_, contatto0_.telefono as telefono4_0_ from contatto contatto0_
2021-02-16 18:48:21.330 DEBUG 5524 --- [http-nio-8080-exec-5] org.hibernate.SQL                        : select contatto0_.id as id1_0_, contatto0_.cognome as cognome2_0_, contatto0_.nome as nome3_0_, contatto0_.telefono as telefono4_0_ from contatto contatto0_
2021-02-16 18:48:44.112 ERROR 5524 --- [http-nio-8080-exec-6] o.a.c.c.C.[.[.[/].[dispatcherServlet]    : Servlet.service() for servlet [dispatcherServlet] in context with path [] threw exception [Request processing failed; nested exception is org.springframework.dao.InvalidDataAccessApiUsageException: Entity must not be null.; nested exception is java.lang.IllegalArgumentException: Entity must not be null.] with root cause

java.lang.IllegalArgumentException: Entity must not be null.
	at org.springframework.util.Assert.notNull(Assert.java:201) ~[spring-core-5.3.3.jar:5.3.3]
	at org.springframework.data.jpa.repository.support.SimpleJpaRepository.save(SimpleJpaRepository.java:554) ~[spring-data-jpa-2.4.3.jar:2.4.3]
	at java.base/jdk.internal.reflect.NativeMethodAccessorImpl.invoke0(Native Method) ~[na:na]
	at java.base/jdk.internal.reflect.NativeMethodAccessorImpl.invoke(NativeMethodAccessorImpl.java:64) ~[na:na]
	at java.base/jdk.internal.reflect.DelegatingMethodAccessorImpl.invoke(DelegatingMethodAccessorImpl.java:43) ~[na:na]
	at java.base/java.lang.reflect.Method.invoke(Method.java:564) ~[na:na]
	at org.springframework.data.repository.core.support.RepositoryMethodInvoker$RepositoryFragmentMethodInvoker.lambda$new$0(RepositoryMethodInvoker.java:289) ~[spring-data-commons-2.4.3.jar:2.4.3]
	at org.springframework.data.repository.core.support.RepositoryMethodInvoker.doInvoke(RepositoryMethodInvoker.java:137) ~[spring-data-commons-2.4.3.jar:2.4.3]
	at org.springframework.data.repository.core.support.RepositoryMethodInvoker.invoke(RepositoryMethodInvoker.java:121) ~[spring-data-commons-2.4.3.jar:2.4.3]
	at org.springframework.data.repository.core.support.RepositoryComposition$RepositoryFragments.invoke(RepositoryComposition.java:524) ~[spring-data-commons-2.4.3.jar:2.4.3]
	at org.springframework.data.repository.core.support.RepositoryComposition.invoke(RepositoryComposition.java:285) ~[spring-data-commons-2.4.3.jar:2.4.3]
	at org.springframework.data.repository.core.support.RepositoryFactorySupport$ImplementationMethodExecutionInterceptor.invoke(RepositoryFactorySupport.java:531) ~[spring-data-commons-2.4.3.jar:2.4.3]
	at org.springframework.aop.framework.ReflectiveMethodInvocation.proceed(ReflectiveMethodInvocation.java:186) ~[spring-aop-5.3.3.jar:5.3.3]
	at org.springframework.data.repository.core.support.QueryExecutorMethodInterceptor.doInvoke(QueryExecutorMethodInterceptor.java:156) ~[spring-data-commons-2.4.3.jar:2.4.3]
	at org.springframework.data.repository.core.support.QueryExecutorMethodInterceptor.invoke(QueryExecutorMethodInterceptor.java:131) ~[spring-data-commons-2.4.3.jar:2.4.3]
	at org.springframework.aop.framework.ReflectiveMethodInvocation.proceed(ReflectiveMethodInvocation.java:186) ~[spring-aop-5.3.3.jar:5.3.3]
	at org.springframework.data.projection.DefaultMethodInvokingMethodInterceptor.invoke(DefaultMethodInvokingMethodInterceptor.java:80) ~[spring-data-commons-2.4.3.jar:2.4.3]
	at org.springframework.aop.framework.ReflectiveMethodInvocation.proceed(ReflectiveMethodInvocation.java:186) ~[spring-aop-5.3.3.jar:5.3.3]
	at org.springframework.transaction.interceptor.TransactionInterceptor$1.proceedWithInvocation(TransactionInterceptor.java:123) ~[spring-tx-5.3.3.jar:5.3.3]
	at org.springframework.transaction.interceptor.TransactionAspectSupport.invokeWithinTransaction(TransactionAspectSupport.java:388) ~[spring-tx-5.3.3.jar:5.3.3]
	at org.springframework.transaction.interceptor.TransactionInterceptor.invoke(TransactionInterceptor.java:119) ~[spring-tx-5.3.3.jar:5.3.3]
	at org.springframework.aop.framework.ReflectiveMethodInvocation.proceed(ReflectiveMethodInvocation.java:186) ~[spring-aop-5.3.3.jar:5.3.3]
	at org.springframework.dao.support.PersistenceExceptionTranslationInterceptor.invoke(PersistenceExceptionTranslationInterceptor.java:137) ~[spring-tx-5.3.3.jar:5.3.3]
	at org.springframework.aop.framework.ReflectiveMethodInvocation.proceed(ReflectiveMethodInvocation.java:186) ~[spring-aop-5.3.3.jar:5.3.3]
	at org.springframework.data.jpa.repository.support.CrudMethodMetadataPostProcessor$CrudMethodMetadataPopulatingMethodInterceptor.invoke(CrudMethodMetadataPostProcessor.java:174) ~[spring-data-jpa-2.4.3.jar:2.4.3]
	at org.springframework.aop.framework.ReflectiveMethodInvocation.proceed(ReflectiveMethodInvocation.java:186) ~[spring-aop-5.3.3.jar:5.3.3]
	at org.springframework.aop.interceptor.ExposeInvocationInterceptor.invoke(ExposeInvocationInterceptor.java:97) ~[spring-aop-5.3.3.jar:5.3.3]
	at org.springframework.aop.framework.ReflectiveMethodInvocation.proceed(ReflectiveMethodInvocation.java:186) ~[spring-aop-5.3.3.jar:5.3.3]
	at org.springframework.aop.framework.JdkDynamicAopProxy.invoke(JdkDynamicAopProxy.java:215) ~[spring-aop-5.3.3.jar:5.3.3]
	at com.sun.proxy.$Proxy78.save(Unknown Source) ~[na:na]
	at it.sirfin.rubricaill.service.impl.RubricaServiceImpl.rubricaAgg(RubricaServiceImpl.java:40) ~[classes/:na]
	at it.sirfin.rubricaill.controller.RubricaIllController.rubricaAgg(RubricaIllController.java:41) ~[classes/:na]
	at java.base/jdk.internal.reflect.NativeMethodAccessorImpl.invoke0(Native Method) ~[na:na]
	at java.base/jdk.internal.reflect.NativeMethodAccessorImpl.invoke(NativeMethodAccessorImpl.java:64) ~[na:na]
	at java.base/jdk.internal.reflect.DelegatingMethodAccessorImpl.invoke(DelegatingMethodAccessorImpl.java:43) ~[na:na]
	at java.base/java.lang.reflect.Method.invoke(Method.java:564) ~[na:na]
	at org.springframework.web.method.support.InvocableHandlerMethod.doInvoke(InvocableHandlerMethod.java:197) ~[spring-web-5.3.3.jar:5.3.3]
	at org.springframework.web.method.support.InvocableHandlerMethod.invokeForRequest(InvocableHandlerMethod.java:141) ~[spring-web-5.3.3.jar:5.3.3]
	at org.springframework.web.servlet.mvc.method.annotation.ServletInvocableHandlerMethod.invokeAndHandle(ServletInvocableHandlerMethod.java:106) ~[spring-webmvc-5.3.3.jar:5.3.3]
	at org.springframework.web.servlet.mvc.method.annotation.RequestMappingHandlerAdapter.invokeHandlerMethod(RequestMappingHandlerAdapter.java:894) ~[spring-webmvc-5.3.3.jar:5.3.3]
	at org.springframework.web.servlet.mvc.method.annotation.RequestMappingHandlerAdapter.handleInternal(RequestMappingHandlerAdapter.java:808) ~[spring-webmvc-5.3.3.jar:5.3.3]
	at org.springframework.web.servlet.mvc.method.AbstractHandlerMethodAdapter.handle(AbstractHandlerMethodAdapter.java:87) ~[spring-webmvc-5.3.3.jar:5.3.3]
	at org.springframework.web.servlet.DispatcherServlet.doDispatch(DispatcherServlet.java:1060) ~[spring-webmvc-5.3.3.jar:5.3.3]
	at org.springframework.web.servlet.DispatcherServlet.doService(DispatcherServlet.java:962) ~[spring-webmvc-5.3.3.jar:5.3.3]
	at org.springframework.web.servlet.FrameworkServlet.processRequest(FrameworkServlet.java:1006) ~[spring-webmvc-5.3.3.jar:5.3.3]
	at org.springframework.web.servlet.FrameworkServlet.doPost(FrameworkServlet.java:909) ~[spring-webmvc-5.3.3.jar:5.3.3]
	at javax.servlet.http.HttpServlet.service(HttpServlet.java:652) ~[tomcat-embed-core-9.0.41.jar:4.0.FR]
	at org.springframework.web.servlet.FrameworkServlet.service(FrameworkServlet.java:883) ~[spring-webmvc-5.3.3.jar:5.3.3]
	at javax.servlet.http.HttpServlet.service(HttpServlet.java:733) ~[tomcat-embed-core-9.0.41.jar:4.0.FR]
	at org.apache.catalina.core.ApplicationFilterChain.internalDoFilter(ApplicationFilterChain.java:231) ~[tomcat-embed-core-9.0.41.jar:9.0.41]
	at org.apache.catalina.core.ApplicationFilterChain.doFilter(ApplicationFilterChain.java:166) ~[tomcat-embed-core-9.0.41.jar:9.0.41]
	at org.apache.tomcat.websocket.server.WsFilter.doFilter(WsFilter.java:53) ~[tomcat-embed-websocket-9.0.41.jar:9.0.41]
	at org.apache.catalina.core.ApplicationFilterChain.internalDoFilter(ApplicationFilterChain.java:193) ~[tomcat-embed-core-9.0.41.jar:9.0.41]
	at org.apache.catalina.core.ApplicationFilterChain.doFilter(ApplicationFilterChain.java:166) ~[tomcat-embed-core-9.0.41.jar:9.0.41]
	at org.springframework.web.filter.RequestContextFilter.doFilterInternal(RequestContextFilter.java:100) ~[spring-web-5.3.3.jar:5.3.3]
	at org.springframework.web.filter.OncePerRequestFilter.doFilter(OncePerRequestFilter.java:119) ~[spring-web-5.3.3.jar:5.3.3]
	at org.apache.catalina.core.ApplicationFilterChain.internalDoFilter(ApplicationFilterChain.java:193) ~[tomcat-embed-core-9.0.41.jar:9.0.41]
	at org.apache.catalina.core.ApplicationFilterChain.doFilter(ApplicationFilterChain.java:166) ~[tomcat-embed-core-9.0.41.jar:9.0.41]
	at org.springframework.web.filter.FormContentFilter.doFilterInternal(FormContentFilter.java:93) ~[spring-web-5.3.3.jar:5.3.3]
	at org.springframework.web.filter.OncePerRequestFilter.doFilter(OncePerRequestFilter.java:119) ~[spring-web-5.3.3.jar:5.3.3]
	at org.apache.catalina.core.ApplicationFilterChain.internalDoFilter(ApplicationFilterChain.java:193) ~[tomcat-embed-core-9.0.41.jar:9.0.41]
	at org.apache.catalina.core.ApplicationFilterChain.doFilter(ApplicationFilterChain.java:166) ~[tomcat-embed-core-9.0.41.jar:9.0.41]
	at org.springframework.web.filter.CharacterEncodingFilter.doFilterInternal(CharacterEncodingFilter.java:201) ~[spring-web-5.3.3.jar:5.3.3]
	at org.springframework.web.filter.OncePerRequestFilter.doFilter(OncePerRequestFilter.java:119) ~[spring-web-5.3.3.jar:5.3.3]
	at org.apache.catalina.core.ApplicationFilterChain.internalDoFilter(ApplicationFilterChain.java:193) ~[tomcat-embed-core-9.0.41.jar:9.0.41]
	at org.apache.catalina.core.ApplicationFilterChain.doFilter(ApplicationFilterChain.java:166) ~[tomcat-embed-core-9.0.41.jar:9.0.41]
	at org.apache.catalina.core.StandardWrapperValve.invoke(StandardWrapperValve.java:202) ~[tomcat-embed-core-9.0.41.jar:9.0.41]
	at org.apache.catalina.core.StandardContextValve.invoke(StandardContextValve.java:97) ~[tomcat-embed-core-9.0.41.jar:9.0.41]
	at org.apache.catalina.authenticator.AuthenticatorBase.invoke(AuthenticatorBase.java:542) ~[tomcat-embed-core-9.0.41.jar:9.0.41]
	at org.apache.catalina.core.StandardHostValve.invoke(StandardHostValve.java:143) ~[tomcat-embed-core-9.0.41.jar:9.0.41]
	at org.apache.catalina.valves.ErrorReportValve.invoke(ErrorReportValve.java:92) ~[tomcat-embed-core-9.0.41.jar:9.0.41]
	at org.apache.catalina.core.StandardEngineValve.invoke(StandardEngineValve.java:78) ~[tomcat-embed-core-9.0.41.jar:9.0.41]
	at org.apache.catalina.connector.CoyoteAdapter.service(CoyoteAdapter.java:343) ~[tomcat-embed-core-9.0.41.jar:9.0.41]
	at org.apache.coyote.http11.Http11Processor.service(Http11Processor.java:374) ~[tomcat-embed-core-9.0.41.jar:9.0.41]
	at org.apache.coyote.AbstractProcessorLight.process(AbstractProcessorLight.java:65) ~[tomcat-embed-core-9.0.41.jar:9.0.41]
	at org.apache.coyote.AbstractProtocol$ConnectionHandler.process(AbstractProtocol.java:888) ~[tomcat-embed-core-9.0.41.jar:9.0.41]
	at org.apache.tomcat.util.net.NioEndpoint$SocketProcessor.doRun(NioEndpoint.java:1597) ~[tomcat-embed-core-9.0.41.jar:9.0.41]
	at org.apache.tomcat.util.net.SocketProcessorBase.run(SocketProcessorBase.java:49) ~[tomcat-embed-core-9.0.41.jar:9.0.41]
	at java.base/java.util.concurrent.ThreadPoolExecutor.runWorker(ThreadPoolExecutor.java:1130) ~[na:na]
	at java.base/java.util.concurrent.ThreadPoolExecutor$Worker.run(ThreadPoolExecutor.java:630) ~[na:na]
	at org.apache.tomcat.util.threads.TaskThread$WrappingRunnable.run(TaskThread.java:61) ~[tomcat-embed-core-9.0.41.jar:9.0.41]
	at java.base/java.lang.Thread.run(Thread.java:832) ~[na:na]

2021-02-16 18:49:42.983 ERROR 5524 --- [http-nio-8080-exec-7] o.a.c.c.C.[.[.[/].[dispatcherServlet]    : Servlet.service() for servlet [dispatcherServlet] in context with path [] threw exception [Request processing failed; nested exception is org.springframework.dao.InvalidDataAccessApiUsageException: Entity must not be null.; nested exception is java.lang.IllegalArgumentException: Entity must not be null.] with root cause

java.lang.IllegalArgumentException: Entity must not be null.
	at org.springframework.util.Assert.notNull(Assert.java:201) ~[spring-core-5.3.3.jar:5.3.3]
	at org.springframework.data.jpa.repository.support.SimpleJpaRepository.save(SimpleJpaRepository.java:554) ~[spring-data-jpa-2.4.3.jar:2.4.3]
	at java.base/jdk.internal.reflect.NativeMethodAccessorImpl.invoke0(Native Method) ~[na:na]
	at java.base/jdk.internal.reflect.NativeMethodAccessorImpl.invoke(NativeMethodAccessorImpl.java:64) ~[na:na]
	at java.base/jdk.internal.reflect.DelegatingMethodAccessorImpl.invoke(DelegatingMethodAccessorImpl.java:43) ~[na:na]
	at java.base/java.lang.reflect.Method.invoke(Method.java:564) ~[na:na]
	at org.springframework.data.repository.core.support.RepositoryMethodInvoker$RepositoryFragmentMethodInvoker.lambda$new$0(RepositoryMethodInvoker.java:289) ~[spring-data-commons-2.4.3.jar:2.4.3]
	at org.springframework.data.repository.core.support.RepositoryMethodInvoker.doInvoke(RepositoryMethodInvoker.java:137) ~[spring-data-commons-2.4.3.jar:2.4.3]
	at org.springframework.data.repository.core.support.RepositoryMethodInvoker.invoke(RepositoryMethodInvoker.java:121) ~[spring-data-commons-2.4.3.jar:2.4.3]
	at org.springframework.data.repository.core.support.RepositoryComposition$RepositoryFragments.invoke(RepositoryComposition.java:524) ~[spring-data-commons-2.4.3.jar:2.4.3]
	at org.springframework.data.repository.core.support.RepositoryComposition.invoke(RepositoryComposition.java:285) ~[spring-data-commons-2.4.3.jar:2.4.3]
	at org.springframework.data.repository.core.support.RepositoryFactorySupport$ImplementationMethodExecutionInterceptor.invoke(RepositoryFactorySupport.java:531) ~[spring-data-commons-2.4.3.jar:2.4.3]
	at org.springframework.aop.framework.ReflectiveMethodInvocation.proceed(ReflectiveMethodInvocation.java:186) ~[spring-aop-5.3.3.jar:5.3.3]
	at org.springframework.data.repository.core.support.QueryExecutorMethodInterceptor.doInvoke(QueryExecutorMethodInterceptor.java:156) ~[spring-data-commons-2.4.3.jar:2.4.3]
	at org.springframework.data.repository.core.support.QueryExecutorMethodInterceptor.invoke(QueryExecutorMethodInterceptor.java:131) ~[spring-data-commons-2.4.3.jar:2.4.3]
	at org.springframework.aop.framework.ReflectiveMethodInvocation.proceed(ReflectiveMethodInvocation.java:186) ~[spring-aop-5.3.3.jar:5.3.3]
	at org.springframework.data.projection.DefaultMethodInvokingMethodInterceptor.invoke(DefaultMethodInvokingMethodInterceptor.java:80) ~[spring-data-commons-2.4.3.jar:2.4.3]
	at org.springframework.aop.framework.ReflectiveMethodInvocation.proceed(ReflectiveMethodInvocation.java:186) ~[spring-aop-5.3.3.jar:5.3.3]
	at org.springframework.transaction.interceptor.TransactionInterceptor$1.proceedWithInvocation(TransactionInterceptor.java:123) ~[spring-tx-5.3.3.jar:5.3.3]
	at org.springframework.transaction.interceptor.TransactionAspectSupport.invokeWithinTransaction(TransactionAspectSupport.java:388) ~[spring-tx-5.3.3.jar:5.3.3]
	at org.springframework.transaction.interceptor.TransactionInterceptor.invoke(TransactionInterceptor.java:119) ~[spring-tx-5.3.3.jar:5.3.3]
	at org.springframework.aop.framework.ReflectiveMethodInvocation.proceed(ReflectiveMethodInvocation.java:186) ~[spring-aop-5.3.3.jar:5.3.3]
	at org.springframework.dao.support.PersistenceExceptionTranslationInterceptor.invoke(PersistenceExceptionTranslationInterceptor.java:137) ~[spring-tx-5.3.3.jar:5.3.3]
	at org.springframework.aop.framework.ReflectiveMethodInvocation.proceed(ReflectiveMethodInvocation.java:186) ~[spring-aop-5.3.3.jar:5.3.3]
	at org.springframework.data.jpa.repository.support.CrudMethodMetadataPostProcessor$CrudMethodMetadataPopulatingMethodInterceptor.invoke(CrudMethodMetadataPostProcessor.java:174) ~[spring-data-jpa-2.4.3.jar:2.4.3]
	at org.springframework.aop.framework.ReflectiveMethodInvocation.proceed(ReflectiveMethodInvocation.java:186) ~[spring-aop-5.3.3.jar:5.3.3]
	at org.springframework.aop.interceptor.ExposeInvocationInterceptor.invoke(ExposeInvocationInterceptor.java:97) ~[spring-aop-5.3.3.jar:5.3.3]
	at org.springframework.aop.framework.ReflectiveMethodInvocation.proceed(ReflectiveMethodInvocation.java:186) ~[spring-aop-5.3.3.jar:5.3.3]
	at org.springframework.aop.framework.JdkDynamicAopProxy.invoke(JdkDynamicAopProxy.java:215) ~[spring-aop-5.3.3.jar:5.3.3]
	at com.sun.proxy.$Proxy78.save(Unknown Source) ~[na:na]
	at it.sirfin.rubricaill.service.impl.RubricaServiceImpl.rubricaAgg(RubricaServiceImpl.java:40) ~[classes/:na]
	at it.sirfin.rubricaill.controller.RubricaIllController.rubricaAgg(RubricaIllController.java:41) ~[classes/:na]
	at java.base/jdk.internal.reflect.NativeMethodAccessorImpl.invoke0(Native Method) ~[na:na]
	at java.base/jdk.internal.reflect.NativeMethodAccessorImpl.invoke(NativeMethodAccessorImpl.java:64) ~[na:na]
	at java.base/jdk.internal.reflect.DelegatingMethodAccessorImpl.invoke(DelegatingMethodAccessorImpl.java:43) ~[na:na]
	at java.base/java.lang.reflect.Method.invoke(Method.java:564) ~[na:na]
	at org.springframework.web.method.support.InvocableHandlerMethod.doInvoke(InvocableHandlerMethod.java:197) ~[spring-web-5.3.3.jar:5.3.3]
	at org.springframework.web.method.support.InvocableHandlerMethod.invokeForRequest(InvocableHandlerMethod.java:141) ~[spring-web-5.3.3.jar:5.3.3]
	at org.springframework.web.servlet.mvc.method.annotation.ServletInvocableHandlerMethod.invokeAndHandle(ServletInvocableHandlerMethod.java:106) ~[spring-webmvc-5.3.3.jar:5.3.3]
	at org.springframework.web.servlet.mvc.method.annotation.RequestMappingHandlerAdapter.invokeHandlerMethod(RequestMappingHandlerAdapter.java:894) ~[spring-webmvc-5.3.3.jar:5.3.3]
	at org.springframework.web.servlet.mvc.method.annotation.RequestMappingHandlerAdapter.handleInternal(RequestMappingHandlerAdapter.java:808) ~[spring-webmvc-5.3.3.jar:5.3.3]
	at org.springframework.web.servlet.mvc.method.AbstractHandlerMethodAdapter.handle(AbstractHandlerMethodAdapter.java:87) ~[spring-webmvc-5.3.3.jar:5.3.3]
	at org.springframework.web.servlet.DispatcherServlet.doDispatch(DispatcherServlet.java:1060) ~[spring-webmvc-5.3.3.jar:5.3.3]
	at org.springframework.web.servlet.DispatcherServlet.doService(DispatcherServlet.java:962) ~[spring-webmvc-5.3.3.jar:5.3.3]
	at org.springframework.web.servlet.FrameworkServlet.processRequest(FrameworkServlet.java:1006) ~[spring-webmvc-5.3.3.jar:5.3.3]
	at org.springframework.web.servlet.FrameworkServlet.doPost(FrameworkServlet.java:909) ~[spring-webmvc-5.3.3.jar:5.3.3]
	at javax.servlet.http.HttpServlet.service(HttpServlet.java:652) ~[tomcat-embed-core-9.0.41.jar:4.0.FR]
	at org.springframework.web.servlet.FrameworkServlet.service(FrameworkServlet.java:883) ~[spring-webmvc-5.3.3.jar:5.3.3]
	at javax.servlet.http.HttpServlet.service(HttpServlet.java:733) ~[tomcat-embed-core-9.0.41.jar:4.0.FR]
	at org.apache.catalina.core.ApplicationFilterChain.internalDoFilter(ApplicationFilterChain.java:231) ~[tomcat-embed-core-9.0.41.jar:9.0.41]
	at org.apache.catalina.core.ApplicationFilterChain.doFilter(ApplicationFilterChain.java:166) ~[tomcat-embed-core-9.0.41.jar:9.0.41]
	at org.apache.tomcat.websocket.server.WsFilter.doFilter(WsFilter.java:53) ~[tomcat-embed-websocket-9.0.41.jar:9.0.41]
	at org.apache.catalina.core.ApplicationFilterChain.internalDoFilter(ApplicationFilterChain.java:193) ~[tomcat-embed-core-9.0.41.jar:9.0.41]
	at org.apache.catalina.core.ApplicationFilterChain.doFilter(ApplicationFilterChain.java:166) ~[tomcat-embed-core-9.0.41.jar:9.0.41]
	at org.springframework.web.filter.RequestContextFilter.doFilterInternal(RequestContextFilter.java:100) ~[spring-web-5.3.3.jar:5.3.3]
	at org.springframework.web.filter.OncePerRequestFilter.doFilter(OncePerRequestFilter.java:119) ~[spring-web-5.3.3.jar:5.3.3]
	at org.apache.catalina.core.ApplicationFilterChain.internalDoFilter(ApplicationFilterChain.java:193) ~[tomcat-embed-core-9.0.41.jar:9.0.41]
	at org.apache.catalina.core.ApplicationFilterChain.doFilter(ApplicationFilterChain.java:166) ~[tomcat-embed-core-9.0.41.jar:9.0.41]
	at org.springframework.web.filter.FormContentFilter.doFilterInternal(FormContentFilter.java:93) ~[spring-web-5.3.3.jar:5.3.3]
	at org.springframework.web.filter.OncePerRequestFilter.doFilter(OncePerRequestFilter.java:119) ~[spring-web-5.3.3.jar:5.3.3]
	at org.apache.catalina.core.ApplicationFilterChain.internalDoFilter(ApplicationFilterChain.java:193) ~[tomcat-embed-core-9.0.41.jar:9.0.41]
	at org.apache.catalina.core.ApplicationFilterChain.doFilter(ApplicationFilterChain.java:166) ~[tomcat-embed-core-9.0.41.jar:9.0.41]
	at org.springframework.web.filter.CharacterEncodingFilter.doFilterInternal(CharacterEncodingFilter.java:201) ~[spring-web-5.3.3.jar:5.3.3]
	at org.springframework.web.filter.OncePerRequestFilter.doFilter(OncePerRequestFilter.java:119) ~[spring-web-5.3.3.jar:5.3.3]
	at org.apache.catalina.core.ApplicationFilterChain.internalDoFilter(ApplicationFilterChain.java:193) ~[tomcat-embed-core-9.0.41.jar:9.0.41]
	at org.apache.catalina.core.ApplicationFilterChain.doFilter(ApplicationFilterChain.java:166) ~[tomcat-embed-core-9.0.41.jar:9.0.41]
	at org.apache.catalina.core.StandardWrapperValve.invoke(StandardWrapperValve.java:202) ~[tomcat-embed-core-9.0.41.jar:9.0.41]
	at org.apache.catalina.core.StandardContextValve.invoke(StandardContextValve.java:97) ~[tomcat-embed-core-9.0.41.jar:9.0.41]
	at org.apache.catalina.authenticator.AuthenticatorBase.invoke(AuthenticatorBase.java:542) ~[tomcat-embed-core-9.0.41.jar:9.0.41]
	at org.apache.catalina.core.StandardHostValve.invoke(StandardHostValve.java:143) ~[tomcat-embed-core-9.0.41.jar:9.0.41]
	at org.apache.catalina.valves.ErrorReportValve.invoke(ErrorReportValve.java:92) ~[tomcat-embed-core-9.0.41.jar:9.0.41]
	at org.apache.catalina.core.StandardEngineValve.invoke(StandardEngineValve.java:78) ~[tomcat-embed-core-9.0.41.jar:9.0.41]
	at org.apache.catalina.connector.CoyoteAdapter.service(CoyoteAdapter.java:343) ~[tomcat-embed-core-9.0.41.jar:9.0.41]
	at org.apache.coyote.http11.Http11Processor.service(Http11Processor.java:374) ~[tomcat-embed-core-9.0.41.jar:9.0.41]
	at org.apache.coyote.AbstractProcessorLight.process(AbstractProcessorLight.java:65) ~[tomcat-embed-core-9.0.41.jar:9.0.41]
	at org.apache.coyote.AbstractProtocol$ConnectionHandler.process(AbstractProtocol.java:888) ~[tomcat-embed-core-9.0.41.jar:9.0.41]
	at org.apache.tomcat.util.net.NioEndpoint$SocketProcessor.doRun(NioEndpoint.java:1597) ~[tomcat-embed-core-9.0.41.jar:9.0.41]
	at org.apache.tomcat.util.net.SocketProcessorBase.run(SocketProcessorBase.java:49) ~[tomcat-embed-core-9.0.41.jar:9.0.41]
	at java.base/java.util.concurrent.ThreadPoolExecutor.runWorker(ThreadPoolExecutor.java:1130) ~[na:na]
	at java.base/java.util.concurrent.ThreadPoolExecutor$Worker.run(ThreadPoolExecutor.java:630) ~[na:na]
	at org.apache.tomcat.util.threads.TaskThread$WrappingRunnable.run(TaskThread.java:61) ~[tomcat-embed-core-9.0.41.jar:9.0.41]
	at java.base/java.lang.Thread.run(Thread.java:832) ~[na:na]

2021-02-16 18:50:06.699  WARN 2712 --- [main] JpaBaseConfiguration$JpaWebConfiguration : spring.jpa.open-in-view is enabled by default. Therefore, database queries may be performed during view rendering. Explicitly configure spring.jpa.open-in-view to disable this warning
2021-02-16 18:50:10.302 ERROR 2712 --- [http-nio-8080-exec-2] o.a.c.c.C.[.[.[/].[dispatcherServlet]    : Servlet.service() for servlet [dispatcherServlet] in context with path [] threw exception [Request processing failed; nested exception is org.springframework.dao.InvalidDataAccessApiUsageException: Entity must not be null.; nested exception is java.lang.IllegalArgumentException: Entity must not be null.] with root cause

java.lang.IllegalArgumentException: Entity must not be null.
	at org.springframework.util.Assert.notNull(Assert.java:201) ~[spring-core-5.3.3.jar:5.3.3]
	at org.springframework.data.jpa.repository.support.SimpleJpaRepository.save(SimpleJpaRepository.java:554) ~[spring-data-jpa-2.4.3.jar:2.4.3]
	at java.base/jdk.internal.reflect.NativeMethodAccessorImpl.invoke0(Native Method) ~[na:na]
	at java.base/jdk.internal.reflect.NativeMethodAccessorImpl.invoke(NativeMethodAccessorImpl.java:64) ~[na:na]
	at java.base/jdk.internal.reflect.DelegatingMethodAccessorImpl.invoke(DelegatingMethodAccessorImpl.java:43) ~[na:na]
	at java.base/java.lang.reflect.Method.invoke(Method.java:564) ~[na:na]
	at org.springframework.data.repository.core.support.RepositoryMethodInvoker$RepositoryFragmentMethodInvoker.lambda$new$0(RepositoryMethodInvoker.java:289) ~[spring-data-commons-2.4.3.jar:2.4.3]
	at org.springframework.data.repository.core.support.RepositoryMethodInvoker.doInvoke(RepositoryMethodInvoker.java:137) ~[spring-data-commons-2.4.3.jar:2.4.3]
	at org.springframework.data.repository.core.support.RepositoryMethodInvoker.invoke(RepositoryMethodInvoker.java:121) ~[spring-data-commons-2.4.3.jar:2.4.3]
	at org.springframework.data.repository.core.support.RepositoryComposition$RepositoryFragments.invoke(RepositoryComposition.java:524) ~[spring-data-commons-2.4.3.jar:2.4.3]
	at org.springframework.data.repository.core.support.RepositoryComposition.invoke(RepositoryComposition.java:285) ~[spring-data-commons-2.4.3.jar:2.4.3]
	at org.springframework.data.repository.core.support.RepositoryFactorySupport$ImplementationMethodExecutionInterceptor.invoke(RepositoryFactorySupport.java:531) ~[spring-data-commons-2.4.3.jar:2.4.3]
	at org.springframework.aop.framework.ReflectiveMethodInvocation.proceed(ReflectiveMethodInvocation.java:186) ~[spring-aop-5.3.3.jar:5.3.3]
	at org.springframework.data.repository.core.support.QueryExecutorMethodInterceptor.doInvoke(QueryExecutorMethodInterceptor.java:156) ~[spring-data-commons-2.4.3.jar:2.4.3]
	at org.springframework.data.repository.core.support.QueryExecutorMethodInterceptor.invoke(QueryExecutorMethodInterceptor.java:131) ~[spring-data-commons-2.4.3.jar:2.4.3]
	at org.springframework.aop.framework.ReflectiveMethodInvocation.proceed(ReflectiveMethodInvocation.java:186) ~[spring-aop-5.3.3.jar:5.3.3]
	at org.springframework.data.projection.DefaultMethodInvokingMethodInterceptor.invoke(DefaultMethodInvokingMethodInterceptor.java:80) ~[spring-data-commons-2.4.3.jar:2.4.3]
	at org.springframework.aop.framework.ReflectiveMethodInvocation.proceed(ReflectiveMethodInvocation.java:186) ~[spring-aop-5.3.3.jar:5.3.3]
	at org.springframework.transaction.interceptor.TransactionInterceptor$1.proceedWithInvocation(TransactionInterceptor.java:123) ~[spring-tx-5.3.3.jar:5.3.3]
	at org.springframework.transaction.interceptor.TransactionAspectSupport.invokeWithinTransaction(TransactionAspectSupport.java:388) ~[spring-tx-5.3.3.jar:5.3.3]
	at org.springframework.transaction.interceptor.TransactionInterceptor.invoke(TransactionInterceptor.java:119) ~[spring-tx-5.3.3.jar:5.3.3]
	at org.springframework.aop.framework.ReflectiveMethodInvocation.proceed(ReflectiveMethodInvocation.java:186) ~[spring-aop-5.3.3.jar:5.3.3]
	at org.springframework.dao.support.PersistenceExceptionTranslationInterceptor.invoke(PersistenceExceptionTranslationInterceptor.java:137) ~[spring-tx-5.3.3.jar:5.3.3]
	at org.springframework.aop.framework.ReflectiveMethodInvocation.proceed(ReflectiveMethodInvocation.java:186) ~[spring-aop-5.3.3.jar:5.3.3]
	at org.springframework.data.jpa.repository.support.CrudMethodMetadataPostProcessor$CrudMethodMetadataPopulatingMethodInterceptor.invoke(CrudMethodMetadataPostProcessor.java:174) ~[spring-data-jpa-2.4.3.jar:2.4.3]
	at org.springframework.aop.framework.ReflectiveMethodInvocation.proceed(ReflectiveMethodInvocation.java:186) ~[spring-aop-5.3.3.jar:5.3.3]
	at org.springframework.aop.interceptor.ExposeInvocationInterceptor.invoke(ExposeInvocationInterceptor.java:97) ~[spring-aop-5.3.3.jar:5.3.3]
	at org.springframework.aop.framework.ReflectiveMethodInvocation.proceed(ReflectiveMethodInvocation.java:186) ~[spring-aop-5.3.3.jar:5.3.3]
	at org.springframework.aop.framework.JdkDynamicAopProxy.invoke(JdkDynamicAopProxy.java:215) ~[spring-aop-5.3.3.jar:5.3.3]
	at com.sun.proxy.$Proxy78.save(Unknown Source) ~[na:na]
	at it.sirfin.rubricaill.service.impl.RubricaServiceImpl.rubricaAgg(RubricaServiceImpl.java:40) ~[classes/:na]
	at it.sirfin.rubricaill.controller.RubricaIllController.rubricaAgg(RubricaIllController.java:41) ~[classes/:na]
	at java.base/jdk.internal.reflect.NativeMethodAccessorImpl.invoke0(Native Method) ~[na:na]
	at java.base/jdk.internal.reflect.NativeMethodAccessorImpl.invoke(NativeMethodAccessorImpl.java:64) ~[na:na]
	at java.base/jdk.internal.reflect.DelegatingMethodAccessorImpl.invoke(DelegatingMethodAccessorImpl.java:43) ~[na:na]
	at java.base/java.lang.reflect.Method.invoke(Method.java:564) ~[na:na]
	at org.springframework.web.method.support.InvocableHandlerMethod.doInvoke(InvocableHandlerMethod.java:197) ~[spring-web-5.3.3.jar:5.3.3]
	at org.springframework.web.method.support.InvocableHandlerMethod.invokeForRequest(InvocableHandlerMethod.java:141) ~[spring-web-5.3.3.jar:5.3.3]
	at org.springframework.web.servlet.mvc.method.annotation.ServletInvocableHandlerMethod.invokeAndHandle(ServletInvocableHandlerMethod.java:106) ~[spring-webmvc-5.3.3.jar:5.3.3]
	at org.springframework.web.servlet.mvc.method.annotation.RequestMappingHandlerAdapter.invokeHandlerMethod(RequestMappingHandlerAdapter.java:894) ~[spring-webmvc-5.3.3.jar:5.3.3]
	at org.springframework.web.servlet.mvc.method.annotation.RequestMappingHandlerAdapter.handleInternal(RequestMappingHandlerAdapter.java:808) ~[spring-webmvc-5.3.3.jar:5.3.3]
	at org.springframework.web.servlet.mvc.method.AbstractHandlerMethodAdapter.handle(AbstractHandlerMethodAdapter.java:87) ~[spring-webmvc-5.3.3.jar:5.3.3]
	at org.springframework.web.servlet.DispatcherServlet.doDispatch(DispatcherServlet.java:1060) ~[spring-webmvc-5.3.3.jar:5.3.3]
	at org.springframework.web.servlet.DispatcherServlet.doService(DispatcherServlet.java:962) ~[spring-webmvc-5.3.3.jar:5.3.3]
	at org.springframework.web.servlet.FrameworkServlet.processRequest(FrameworkServlet.java:1006) ~[spring-webmvc-5.3.3.jar:5.3.3]
	at org.springframework.web.servlet.FrameworkServlet.doPost(FrameworkServlet.java:909) ~[spring-webmvc-5.3.3.jar:5.3.3]
	at javax.servlet.http.HttpServlet.service(HttpServlet.java:652) ~[tomcat-embed-core-9.0.41.jar:4.0.FR]
	at org.springframework.web.servlet.FrameworkServlet.service(FrameworkServlet.java:883) ~[spring-webmvc-5.3.3.jar:5.3.3]
	at javax.servlet.http.HttpServlet.service(HttpServlet.java:733) ~[tomcat-embed-core-9.0.41.jar:4.0.FR]
	at org.apache.catalina.core.ApplicationFilterChain.internalDoFilter(ApplicationFilterChain.java:231) ~[tomcat-embed-core-9.0.41.jar:9.0.41]
	at org.apache.catalina.core.ApplicationFilterChain.doFilter(ApplicationFilterChain.java:166) ~[tomcat-embed-core-9.0.41.jar:9.0.41]
	at org.apache.tomcat.websocket.server.WsFilter.doFilter(WsFilter.java:53) ~[tomcat-embed-websocket-9.0.41.jar:9.0.41]
	at org.apache.catalina.core.ApplicationFilterChain.internalDoFilter(ApplicationFilterChain.java:193) ~[tomcat-embed-core-9.0.41.jar:9.0.41]
	at org.apache.catalina.core.ApplicationFilterChain.doFilter(ApplicationFilterChain.java:166) ~[tomcat-embed-core-9.0.41.jar:9.0.41]
	at org.springframework.web.filter.RequestContextFilter.doFilterInternal(RequestContextFilter.java:100) ~[spring-web-5.3.3.jar:5.3.3]
	at org.springframework.web.filter.OncePerRequestFilter.doFilter(OncePerRequestFilter.java:119) ~[spring-web-5.3.3.jar:5.3.3]
	at org.apache.catalina.core.ApplicationFilterChain.internalDoFilter(ApplicationFilterChain.java:193) ~[tomcat-embed-core-9.0.41.jar:9.0.41]
	at org.apache.catalina.core.ApplicationFilterChain.doFilter(ApplicationFilterChain.java:166) ~[tomcat-embed-core-9.0.41.jar:9.0.41]
	at org.springframework.web.filter.FormContentFilter.doFilterInternal(FormContentFilter.java:93) ~[spring-web-5.3.3.jar:5.3.3]
	at org.springframework.web.filter.OncePerRequestFilter.doFilter(OncePerRequestFilter.java:119) ~[spring-web-5.3.3.jar:5.3.3]
	at org.apache.catalina.core.ApplicationFilterChain.internalDoFilter(ApplicationFilterChain.java:193) ~[tomcat-embed-core-9.0.41.jar:9.0.41]
	at org.apache.catalina.core.ApplicationFilterChain.doFilter(ApplicationFilterChain.java:166) ~[tomcat-embed-core-9.0.41.jar:9.0.41]
	at org.springframework.web.filter.CharacterEncodingFilter.doFilterInternal(CharacterEncodingFilter.java:201) ~[spring-web-5.3.3.jar:5.3.3]
	at org.springframework.web.filter.OncePerRequestFilter.doFilter(OncePerRequestFilter.java:119) ~[spring-web-5.3.3.jar:5.3.3]
	at org.apache.catalina.core.ApplicationFilterChain.internalDoFilter(ApplicationFilterChain.java:193) ~[tomcat-embed-core-9.0.41.jar:9.0.41]
	at org.apache.catalina.core.ApplicationFilterChain.doFilter(ApplicationFilterChain.java:166) ~[tomcat-embed-core-9.0.41.jar:9.0.41]
	at org.apache.catalina.core.StandardWrapperValve.invoke(StandardWrapperValve.java:202) ~[tomcat-embed-core-9.0.41.jar:9.0.41]
	at org.apache.catalina.core.StandardContextValve.invoke(StandardContextValve.java:97) ~[tomcat-embed-core-9.0.41.jar:9.0.41]
	at org.apache.catalina.authenticator.AuthenticatorBase.invoke(AuthenticatorBase.java:542) ~[tomcat-embed-core-9.0.41.jar:9.0.41]
	at org.apache.catalina.core.StandardHostValve.invoke(StandardHostValve.java:143) ~[tomcat-embed-core-9.0.41.jar:9.0.41]
	at org.apache.catalina.valves.ErrorReportValve.invoke(ErrorReportValve.java:92) ~[tomcat-embed-core-9.0.41.jar:9.0.41]
	at org.apache.catalina.core.StandardEngineValve.invoke(StandardEngineValve.java:78) ~[tomcat-embed-core-9.0.41.jar:9.0.41]
	at org.apache.catalina.connector.CoyoteAdapter.service(CoyoteAdapter.java:343) ~[tomcat-embed-core-9.0.41.jar:9.0.41]
	at org.apache.coyote.http11.Http11Processor.service(Http11Processor.java:374) ~[tomcat-embed-core-9.0.41.jar:9.0.41]
	at org.apache.coyote.AbstractProcessorLight.process(AbstractProcessorLight.java:65) ~[tomcat-embed-core-9.0.41.jar:9.0.41]
	at org.apache.coyote.AbstractProtocol$ConnectionHandler.process(AbstractProtocol.java:888) ~[tomcat-embed-core-9.0.41.jar:9.0.41]
	at org.apache.tomcat.util.net.NioEndpoint$SocketProcessor.doRun(NioEndpoint.java:1597) ~[tomcat-embed-core-9.0.41.jar:9.0.41]
	at org.apache.tomcat.util.net.SocketProcessorBase.run(SocketProcessorBase.java:49) ~[tomcat-embed-core-9.0.41.jar:9.0.41]
	at java.base/java.util.concurrent.ThreadPoolExecutor.runWorker(ThreadPoolExecutor.java:1130) ~[na:na]
	at java.base/java.util.concurrent.ThreadPoolExecutor$Worker.run(ThreadPoolExecutor.java:630) ~[na:na]
	at org.apache.tomcat.util.threads.TaskThread$WrappingRunnable.run(TaskThread.java:61) ~[tomcat-embed-core-9.0.41.jar:9.0.41]
	at java.base/java.lang.Thread.run(Thread.java:832) ~[na:na]

2021-02-16 18:51:54.584  WARN 5820 --- [main] JpaBaseConfiguration$JpaWebConfiguration : spring.jpa.open-in-view is enabled by default. Therefore, database queries may be performed during view rendering. Explicitly configure spring.jpa.open-in-view to disable this warning
2021-02-16 18:51:57.844 ERROR 5820 --- [http-nio-8080-exec-1] o.a.c.c.C.[.[.[/].[dispatcherServlet]    : Servlet.service() for servlet [dispatcherServlet] in context with path [] threw exception [Request processing failed; nested exception is org.springframework.dao.InvalidDataAccessApiUsageException: Entity must not be null.; nested exception is java.lang.IllegalArgumentException: Entity must not be null.] with root cause

java.lang.IllegalArgumentException: Entity must not be null.
	at org.springframework.util.Assert.notNull(Assert.java:201) ~[spring-core-5.3.3.jar:5.3.3]
	at org.springframework.data.jpa.repository.support.SimpleJpaRepository.save(SimpleJpaRepository.java:554) ~[spring-data-jpa-2.4.3.jar:2.4.3]
	at java.base/jdk.internal.reflect.NativeMethodAccessorImpl.invoke0(Native Method) ~[na:na]
	at java.base/jdk.internal.reflect.NativeMethodAccessorImpl.invoke(NativeMethodAccessorImpl.java:64) ~[na:na]
	at java.base/jdk.internal.reflect.DelegatingMethodAccessorImpl.invoke(DelegatingMethodAccessorImpl.java:43) ~[na:na]
	at java.base/java.lang.reflect.Method.invoke(Method.java:564) ~[na:na]
	at org.springframework.data.repository.core.support.RepositoryMethodInvoker$RepositoryFragmentMethodInvoker.lambda$new$0(RepositoryMethodInvoker.java:289) ~[spring-data-commons-2.4.3.jar:2.4.3]
	at org.springframework.data.repository.core.support.RepositoryMethodInvoker.doInvoke(RepositoryMethodInvoker.java:137) ~[spring-data-commons-2.4.3.jar:2.4.3]
	at org.springframework.data.repository.core.support.RepositoryMethodInvoker.invoke(RepositoryMethodInvoker.java:121) ~[spring-data-commons-2.4.3.jar:2.4.3]
	at org.springframework.data.repository.core.support.RepositoryComposition$RepositoryFragments.invoke(RepositoryComposition.java:524) ~[spring-data-commons-2.4.3.jar:2.4.3]
	at org.springframework.data.repository.core.support.RepositoryComposition.invoke(RepositoryComposition.java:285) ~[spring-data-commons-2.4.3.jar:2.4.3]
	at org.springframework.data.repository.core.support.RepositoryFactorySupport$ImplementationMethodExecutionInterceptor.invoke(RepositoryFactorySupport.java:531) ~[spring-data-commons-2.4.3.jar:2.4.3]
	at org.springframework.aop.framework.ReflectiveMethodInvocation.proceed(ReflectiveMethodInvocation.java:186) ~[spring-aop-5.3.3.jar:5.3.3]
	at org.springframework.data.repository.core.support.QueryExecutorMethodInterceptor.doInvoke(QueryExecutorMethodInterceptor.java:156) ~[spring-data-commons-2.4.3.jar:2.4.3]
	at org.springframework.data.repository.core.support.QueryExecutorMethodInterceptor.invoke(QueryExecutorMethodInterceptor.java:131) ~[spring-data-commons-2.4.3.jar:2.4.3]
	at org.springframework.aop.framework.ReflectiveMethodInvocation.proceed(ReflectiveMethodInvocation.java:186) ~[spring-aop-5.3.3.jar:5.3.3]
	at org.springframework.data.projection.DefaultMethodInvokingMethodInterceptor.invoke(DefaultMethodInvokingMethodInterceptor.java:80) ~[spring-data-commons-2.4.3.jar:2.4.3]
	at org.springframework.aop.framework.ReflectiveMethodInvocation.proceed(ReflectiveMethodInvocation.java:186) ~[spring-aop-5.3.3.jar:5.3.3]
	at org.springframework.transaction.interceptor.TransactionInterceptor$1.proceedWithInvocation(TransactionInterceptor.java:123) ~[spring-tx-5.3.3.jar:5.3.3]
	at org.springframework.transaction.interceptor.TransactionAspectSupport.invokeWithinTransaction(TransactionAspectSupport.java:388) ~[spring-tx-5.3.3.jar:5.3.3]
	at org.springframework.transaction.interceptor.TransactionInterceptor.invoke(TransactionInterceptor.java:119) ~[spring-tx-5.3.3.jar:5.3.3]
	at org.springframework.aop.framework.ReflectiveMethodInvocation.proceed(ReflectiveMethodInvocation.java:186) ~[spring-aop-5.3.3.jar:5.3.3]
	at org.springframework.dao.support.PersistenceExceptionTranslationInterceptor.invoke(PersistenceExceptionTranslationInterceptor.java:137) ~[spring-tx-5.3.3.jar:5.3.3]
	at org.springframework.aop.framework.ReflectiveMethodInvocation.proceed(ReflectiveMethodInvocation.java:186) ~[spring-aop-5.3.3.jar:5.3.3]
	at org.springframework.data.jpa.repository.support.CrudMethodMetadataPostProcessor$CrudMethodMetadataPopulatingMethodInterceptor.invoke(CrudMethodMetadataPostProcessor.java:174) ~[spring-data-jpa-2.4.3.jar:2.4.3]
	at org.springframework.aop.framework.ReflectiveMethodInvocation.proceed(ReflectiveMethodInvocation.java:186) ~[spring-aop-5.3.3.jar:5.3.3]
	at org.springframework.aop.interceptor.ExposeInvocationInterceptor.invoke(ExposeInvocationInterceptor.java:97) ~[spring-aop-5.3.3.jar:5.3.3]
	at org.springframework.aop.framework.ReflectiveMethodInvocation.proceed(ReflectiveMethodInvocation.java:186) ~[spring-aop-5.3.3.jar:5.3.3]
	at org.springframework.aop.framework.JdkDynamicAopProxy.invoke(JdkDynamicAopProxy.java:215) ~[spring-aop-5.3.3.jar:5.3.3]
	at com.sun.proxy.$Proxy78.save(Unknown Source) ~[na:na]
	at it.sirfin.rubricaill.service.impl.RubricaServiceImpl.rubricaAgg(RubricaServiceImpl.java:40) ~[classes/:na]
	at it.sirfin.rubricaill.controller.RubricaIllController.rubricaAgg(RubricaIllController.java:41) ~[classes/:na]
	at java.base/jdk.internal.reflect.NativeMethodAccessorImpl.invoke0(Native Method) ~[na:na]
	at java.base/jdk.internal.reflect.NativeMethodAccessorImpl.invoke(NativeMethodAccessorImpl.java:64) ~[na:na]
	at java.base/jdk.internal.reflect.DelegatingMethodAccessorImpl.invoke(DelegatingMethodAccessorImpl.java:43) ~[na:na]
	at java.base/java.lang.reflect.Method.invoke(Method.java:564) ~[na:na]
	at org.springframework.web.method.support.InvocableHandlerMethod.doInvoke(InvocableHandlerMethod.java:197) ~[spring-web-5.3.3.jar:5.3.3]
	at org.springframework.web.method.support.InvocableHandlerMethod.invokeForRequest(InvocableHandlerMethod.java:141) ~[spring-web-5.3.3.jar:5.3.3]
	at org.springframework.web.servlet.mvc.method.annotation.ServletInvocableHandlerMethod.invokeAndHandle(ServletInvocableHandlerMethod.java:106) ~[spring-webmvc-5.3.3.jar:5.3.3]
	at org.springframework.web.servlet.mvc.method.annotation.RequestMappingHandlerAdapter.invokeHandlerMethod(RequestMappingHandlerAdapter.java:894) ~[spring-webmvc-5.3.3.jar:5.3.3]
	at org.springframework.web.servlet.mvc.method.annotation.RequestMappingHandlerAdapter.handleInternal(RequestMappingHandlerAdapter.java:808) ~[spring-webmvc-5.3.3.jar:5.3.3]
	at org.springframework.web.servlet.mvc.method.AbstractHandlerMethodAdapter.handle(AbstractHandlerMethodAdapter.java:87) ~[spring-webmvc-5.3.3.jar:5.3.3]
	at org.springframework.web.servlet.DispatcherServlet.doDispatch(DispatcherServlet.java:1060) ~[spring-webmvc-5.3.3.jar:5.3.3]
	at org.springframework.web.servlet.DispatcherServlet.doService(DispatcherServlet.java:962) ~[spring-webmvc-5.3.3.jar:5.3.3]
	at org.springframework.web.servlet.FrameworkServlet.processRequest(FrameworkServlet.java:1006) ~[spring-webmvc-5.3.3.jar:5.3.3]
	at org.springframework.web.servlet.FrameworkServlet.doPost(FrameworkServlet.java:909) ~[spring-webmvc-5.3.3.jar:5.3.3]
	at javax.servlet.http.HttpServlet.service(HttpServlet.java:652) ~[tomcat-embed-core-9.0.41.jar:4.0.FR]
	at org.springframework.web.servlet.FrameworkServlet.service(FrameworkServlet.java:883) ~[spring-webmvc-5.3.3.jar:5.3.3]
	at javax.servlet.http.HttpServlet.service(HttpServlet.java:733) ~[tomcat-embed-core-9.0.41.jar:4.0.FR]
	at org.apache.catalina.core.ApplicationFilterChain.internalDoFilter(ApplicationFilterChain.java:231) ~[tomcat-embed-core-9.0.41.jar:9.0.41]
	at org.apache.catalina.core.ApplicationFilterChain.doFilter(ApplicationFilterChain.java:166) ~[tomcat-embed-core-9.0.41.jar:9.0.41]
	at org.apache.tomcat.websocket.server.WsFilter.doFilter(WsFilter.java:53) ~[tomcat-embed-websocket-9.0.41.jar:9.0.41]
	at org.apache.catalina.core.ApplicationFilterChain.internalDoFilter(ApplicationFilterChain.java:193) ~[tomcat-embed-core-9.0.41.jar:9.0.41]
	at org.apache.catalina.core.ApplicationFilterChain.doFilter(ApplicationFilterChain.java:166) ~[tomcat-embed-core-9.0.41.jar:9.0.41]
	at org.springframework.web.filter.RequestContextFilter.doFilterInternal(RequestContextFilter.java:100) ~[spring-web-5.3.3.jar:5.3.3]
	at org.springframework.web.filter.OncePerRequestFilter.doFilter(OncePerRequestFilter.java:119) ~[spring-web-5.3.3.jar:5.3.3]
	at org.apache.catalina.core.ApplicationFilterChain.internalDoFilter(ApplicationFilterChain.java:193) ~[tomcat-embed-core-9.0.41.jar:9.0.41]
	at org.apache.catalina.core.ApplicationFilterChain.doFilter(ApplicationFilterChain.java:166) ~[tomcat-embed-core-9.0.41.jar:9.0.41]
	at org.springframework.web.filter.FormContentFilter.doFilterInternal(FormContentFilter.java:93) ~[spring-web-5.3.3.jar:5.3.3]
	at org.springframework.web.filter.OncePerRequestFilter.doFilter(OncePerRequestFilter.java:119) ~[spring-web-5.3.3.jar:5.3.3]
	at org.apache.catalina.core.ApplicationFilterChain.internalDoFilter(ApplicationFilterChain.java:193) ~[tomcat-embed-core-9.0.41.jar:9.0.41]
	at org.apache.catalina.core.ApplicationFilterChain.doFilter(ApplicationFilterChain.java:166) ~[tomcat-embed-core-9.0.41.jar:9.0.41]
	at org.springframework.web.filter.CharacterEncodingFilter.doFilterInternal(CharacterEncodingFilter.java:201) ~[spring-web-5.3.3.jar:5.3.3]
	at org.springframework.web.filter.OncePerRequestFilter.doFilter(OncePerRequestFilter.java:119) ~[spring-web-5.3.3.jar:5.3.3]
	at org.apache.catalina.core.ApplicationFilterChain.internalDoFilter(ApplicationFilterChain.java:193) ~[tomcat-embed-core-9.0.41.jar:9.0.41]
	at org.apache.catalina.core.ApplicationFilterChain.doFilter(ApplicationFilterChain.java:166) ~[tomcat-embed-core-9.0.41.jar:9.0.41]
	at org.apache.catalina.core.StandardWrapperValve.invoke(StandardWrapperValve.java:202) ~[tomcat-embed-core-9.0.41.jar:9.0.41]
	at org.apache.catalina.core.StandardContextValve.invoke(StandardContextValve.java:97) ~[tomcat-embed-core-9.0.41.jar:9.0.41]
	at org.apache.catalina.authenticator.AuthenticatorBase.invoke(AuthenticatorBase.java:542) ~[tomcat-embed-core-9.0.41.jar:9.0.41]
	at org.apache.catalina.core.StandardHostValve.invoke(StandardHostValve.java:143) ~[tomcat-embed-core-9.0.41.jar:9.0.41]
	at org.apache.catalina.valves.ErrorReportValve.invoke(ErrorReportValve.java:92) ~[tomcat-embed-core-9.0.41.jar:9.0.41]
	at org.apache.catalina.core.StandardEngineValve.invoke(StandardEngineValve.java:78) ~[tomcat-embed-core-9.0.41.jar:9.0.41]
	at org.apache.catalina.connector.CoyoteAdapter.service(CoyoteAdapter.java:343) ~[tomcat-embed-core-9.0.41.jar:9.0.41]
	at org.apache.coyote.http11.Http11Processor.service(Http11Processor.java:374) ~[tomcat-embed-core-9.0.41.jar:9.0.41]
	at org.apache.coyote.AbstractProcessorLight.process(AbstractProcessorLight.java:65) ~[tomcat-embed-core-9.0.41.jar:9.0.41]
	at org.apache.coyote.AbstractProtocol$ConnectionHandler.process(AbstractProtocol.java:888) ~[tomcat-embed-core-9.0.41.jar:9.0.41]
	at org.apache.tomcat.util.net.NioEndpoint$SocketProcessor.doRun(NioEndpoint.java:1597) ~[tomcat-embed-core-9.0.41.jar:9.0.41]
	at org.apache.tomcat.util.net.SocketProcessorBase.run(SocketProcessorBase.java:49) ~[tomcat-embed-core-9.0.41.jar:9.0.41]
	at java.base/java.util.concurrent.ThreadPoolExecutor.runWorker(ThreadPoolExecutor.java:1130) ~[na:na]
	at java.base/java.util.concurrent.ThreadPoolExecutor$Worker.run(ThreadPoolExecutor.java:630) ~[na:na]
	at org.apache.tomcat.util.threads.TaskThread$WrappingRunnable.run(TaskThread.java:61) ~[tomcat-embed-core-9.0.41.jar:9.0.41]
	at java.base/java.lang.Thread.run(Thread.java:832) ~[na:na]

2021-02-16 18:53:22.265  WARN 1772 --- [main] JpaBaseConfiguration$JpaWebConfiguration : spring.jpa.open-in-view is enabled by default. Therefore, database queries may be performed during view rendering. Explicitly configure spring.jpa.open-in-view to disable this warning
2021-02-16 18:53:25.239 DEBUG 1772 --- [http-nio-8080-exec-1] org.hibernate.SQL                        : select next_val as id_val from hibernate_sequence for update
2021-02-16 18:53:25.250 DEBUG 1772 --- [http-nio-8080-exec-1] org.hibernate.SQL                        : update hibernate_sequence set next_val= ? where next_val=?
2021-02-16 18:53:25.268 DEBUG 1772 --- [http-nio-8080-exec-1] org.hibernate.SQL                        : insert into contatto (cognome, nome, telefono, id) values (?, ?, ?, ?)
2021-02-16 18:53:25.270 TRACE 1772 --- [http-nio-8080-exec-1] o.h.type.descriptor.sql.BasicBinder      : binding parameter [1] as [VARCHAR] - [dsg]
2021-02-16 18:53:25.270 TRACE 1772 --- [http-nio-8080-exec-1] o.h.type.descriptor.sql.BasicBinder      : binding parameter [2] as [VARCHAR] - [sdg]
2021-02-16 18:53:25.270 TRACE 1772 --- [http-nio-8080-exec-1] o.h.type.descriptor.sql.BasicBinder      : binding parameter [3] as [VARCHAR] - [dgs]
2021-02-16 18:53:25.270 TRACE 1772 --- [http-nio-8080-exec-1] o.h.type.descriptor.sql.BasicBinder      : binding parameter [4] as [BIGINT] - [5]
2021-02-16 18:53:25.340 DEBUG 1772 --- [http-nio-8080-exec-1] org.hibernate.SQL                        : select contatto0_.id as id1_0_, contatto0_.cognome as cognome2_0_, contatto0_.nome as nome3_0_, contatto0_.telefono as telefono4_0_ from contatto contatto0_
2021-02-16 18:53:32.183 DEBUG 1772 --- [http-nio-8080-exec-2] org.hibernate.SQL                        : select next_val as id_val from hibernate_sequence for update
2021-02-16 18:53:32.184 DEBUG 1772 --- [http-nio-8080-exec-2] org.hibernate.SQL                        : update hibernate_sequence set next_val= ? where next_val=?
2021-02-16 18:53:32.189 DEBUG 1772 --- [http-nio-8080-exec-2] org.hibernate.SQL                        : insert into contatto (cognome, nome, telefono, id) values (?, ?, ?, ?)
2021-02-16 18:53:32.189 TRACE 1772 --- [http-nio-8080-exec-2] o.h.type.descriptor.sql.BasicBinder      : binding parameter [1] as [VARCHAR] - [dsgdsg]
2021-02-16 18:53:32.189 TRACE 1772 --- [http-nio-8080-exec-2] o.h.type.descriptor.sql.BasicBinder      : binding parameter [2] as [VARCHAR] - [gsdg]
2021-02-16 18:53:32.190 TRACE 1772 --- [http-nio-8080-exec-2] o.h.type.descriptor.sql.BasicBinder      : binding parameter [3] as [VARCHAR] - [gsdg]
2021-02-16 18:53:32.190 TRACE 1772 --- [http-nio-8080-exec-2] o.h.type.descriptor.sql.BasicBinder      : binding parameter [4] as [BIGINT] - [6]
2021-02-16 18:53:32.195 DEBUG 1772 --- [http-nio-8080-exec-2] org.hibernate.SQL                        : select contatto0_.id as id1_0_, contatto0_.cognome as cognome2_0_, contatto0_.nome as nome3_0_, contatto0_.telefono as telefono4_0_ from contatto contatto0_
2021-02-16 18:53:33.578 DEBUG 1772 --- [http-nio-8080-exec-4] org.hibernate.SQL                        : select contatto0_.id as id1_0_0_, contatto0_.cognome as cognome2_0_0_, contatto0_.nome as nome3_0_0_, contatto0_.telefono as telefono4_0_0_ from contatto contatto0_ where contatto0_.id=?
2021-02-16 18:53:33.578 TRACE 1772 --- [http-nio-8080-exec-4] o.h.type.descriptor.sql.BasicBinder      : binding parameter [1] as [BIGINT] - [5]
2021-02-16 18:53:33.586 DEBUG 1772 --- [http-nio-8080-exec-4] org.hibernate.SQL                        : delete from contatto where id=?
2021-02-16 18:53:33.586 TRACE 1772 --- [http-nio-8080-exec-4] o.h.type.descriptor.sql.BasicBinder      : binding parameter [1] as [BIGINT] - [5]
2021-02-16 18:53:33.594 DEBUG 1772 --- [http-nio-8080-exec-4] org.hibernate.SQL                        : select contatto0_.id as id1_0_, contatto0_.cognome as cognome2_0_, contatto0_.nome as nome3_0_, contatto0_.telefono as telefono4_0_ from contatto contatto0_
2021-02-16 18:53:35.529 DEBUG 1772 --- [http-nio-8080-exec-5] org.hibernate.SQL                        : select contatto0_.id as id1_0_, contatto0_.cognome as cognome2_0_, contatto0_.nome as nome3_0_, contatto0_.telefono as telefono4_0_ from contatto contatto0_
2021-02-16 18:53:38.999 DEBUG 1772 --- [http-nio-8080-exec-6] org.hibernate.SQL                        : select contatto0_.id as id1_0_, contatto0_.cognome as cognome2_0_, contatto0_.nome as nome3_0_, contatto0_.telefono as telefono4_0_ from contatto contatto0_
2021-02-16 18:53:41.850 DEBUG 1772 --- [http-nio-8080-exec-7] org.hibernate.SQL                        : select contatto0_.id as id1_0_, contatto0_.cognome as cognome2_0_, contatto0_.nome as nome3_0_, contatto0_.telefono as telefono4_0_ from contatto contatto0_
2021-02-16 18:53:44.798 DEBUG 1772 --- [http-nio-8080-exec-8] org.hibernate.SQL                        : select next_val as id_val from hibernate_sequence for update
2021-02-16 18:53:44.799 DEBUG 1772 --- [http-nio-8080-exec-8] org.hibernate.SQL                        : update hibernate_sequence set next_val= ? where next_val=?
2021-02-16 18:53:44.806 DEBUG 1772 --- [http-nio-8080-exec-8] org.hibernate.SQL                        : insert into contatto (cognome, nome, telefono, id) values (?, ?, ?, ?)
2021-02-16 18:53:44.807 TRACE 1772 --- [http-nio-8080-exec-8] o.h.type.descriptor.sql.BasicBinder      : binding parameter [1] as [VARCHAR] - [gsd]
2021-02-16 18:53:44.807 TRACE 1772 --- [http-nio-8080-exec-8] o.h.type.descriptor.sql.BasicBinder      : binding parameter [2] as [VARCHAR] - [gdsgsd]
2021-02-16 18:53:44.807 TRACE 1772 --- [http-nio-8080-exec-8] o.h.type.descriptor.sql.BasicBinder      : binding parameter [3] as [VARCHAR] - [gsd]
2021-02-16 18:53:44.807 TRACE 1772 --- [http-nio-8080-exec-8] o.h.type.descriptor.sql.BasicBinder      : binding parameter [4] as [BIGINT] - [7]
2021-02-16 18:53:44.811 DEBUG 1772 --- [http-nio-8080-exec-8] org.hibernate.SQL                        : select contatto0_.id as id1_0_, contatto0_.cognome as cognome2_0_, contatto0_.nome as nome3_0_, contatto0_.telefono as telefono4_0_ from contatto contatto0_
2021-02-16 18:53:46.593 DEBUG 1772 --- [http-nio-8080-exec-9] org.hibernate.SQL                        : delete from contatto
2021-02-16 18:53:47.970 DEBUG 1772 --- [http-nio-8080-exec-10] org.hibernate.SQL                        : select contatto0_.id as id1_0_, contatto0_.cognome as cognome2_0_, contatto0_.nome as nome3_0_, contatto0_.telefono as telefono4_0_ from contatto contatto0_
2021-02-16 18:53:49.905 DEBUG 1772 --- [http-nio-8080-exec-1] org.hibernate.SQL                        : select contatto0_.id as id1_0_, contatto0_.cognome as cognome2_0_, contatto0_.nome as nome3_0_, contatto0_.telefono as telefono4_0_ from contatto contatto0_
2021-02-16 18:53:50.456 DEBUG 1772 --- [http-nio-8080-exec-2] org.hibernate.SQL                        : select next_val as id_val from hibernate_sequence for update
2021-02-16 18:53:50.457 DEBUG 1772 --- [http-nio-8080-exec-2] org.hibernate.SQL                        : update hibernate_sequence set next_val= ? where next_val=?
2021-02-16 18:53:50.485 DEBUG 1772 --- [http-nio-8080-exec-2] org.hibernate.SQL                        : insert into contatto (cognome, nome, telefono, id) values (?, ?, ?, ?)
2021-02-16 18:53:50.486 TRACE 1772 --- [http-nio-8080-exec-2] o.h.type.descriptor.sql.BasicBinder      : binding parameter [1] as [VARCHAR] - [sdgsdg]
2021-02-16 18:53:50.486 TRACE 1772 --- [http-nio-8080-exec-2] o.h.type.descriptor.sql.BasicBinder      : binding parameter [2] as [VARCHAR] - [gsdg]
2021-02-16 18:53:50.486 TRACE 1772 --- [http-nio-8080-exec-2] o.h.type.descriptor.sql.BasicBinder      : binding parameter [3] as [VARCHAR] - [sd]
2021-02-16 18:53:50.486 TRACE 1772 --- [http-nio-8080-exec-2] o.h.type.descriptor.sql.BasicBinder      : binding parameter [4] as [BIGINT] - [8]
2021-02-16 18:53:50.489 DEBUG 1772 --- [http-nio-8080-exec-2] org.hibernate.SQL                        : select contatto0_.id as id1_0_, contatto0_.cognome as cognome2_0_, contatto0_.nome as nome3_0_, contatto0_.telefono as telefono4_0_ from contatto contatto0_
2021-02-16 18:58:27.157 DEBUG 1772 --- [http-nio-8080-exec-4] org.hibernate.SQL                        : select contatto0_.id as id1_0_, contatto0_.cognome as cognome2_0_, contatto0_.nome as nome3_0_, contatto0_.telefono as telefono4_0_ from contatto contatto0_
2021-02-16 18:58:40.101 DEBUG 1772 --- [http-nio-8080-exec-5] org.hibernate.SQL                        : select next_val as id_val from hibernate_sequence for update
2021-02-16 18:58:40.102 DEBUG 1772 --- [http-nio-8080-exec-5] org.hibernate.SQL                        : update hibernate_sequence set next_val= ? where next_val=?
2021-02-16 18:58:40.107 DEBUG 1772 --- [http-nio-8080-exec-5] org.hibernate.SQL                        : insert into contatto (cognome, nome, telefono, id) values (?, ?, ?, ?)
2021-02-16 18:58:40.107 TRACE 1772 --- [http-nio-8080-exec-5] o.h.type.descriptor.sql.BasicBinder      : binding parameter [1] as [VARCHAR] - [uboub]
2021-02-16 18:58:40.107 TRACE 1772 --- [http-nio-8080-exec-5] o.h.type.descriptor.sql.BasicBinder      : binding parameter [2] as [VARCHAR] - [Luca]
2021-02-16 18:58:40.107 TRACE 1772 --- [http-nio-8080-exec-5] o.h.type.descriptor.sql.BasicBinder      : binding parameter [3] as [VARCHAR] - [oub]
2021-02-16 18:58:40.108 TRACE 1772 --- [http-nio-8080-exec-5] o.h.type.descriptor.sql.BasicBinder      : binding parameter [4] as [BIGINT] - [9]
2021-02-16 18:58:40.112 DEBUG 1772 --- [http-nio-8080-exec-5] org.hibernate.SQL                        : select contatto0_.id as id1_0_, contatto0_.cognome as cognome2_0_, contatto0_.nome as nome3_0_, contatto0_.telefono as telefono4_0_ from contatto contatto0_
2021-02-16 18:58:46.952 DEBUG 1772 --- [http-nio-8080-exec-6] org.hibernate.SQL                        : select next_val as id_val from hibernate_sequence for update
2021-02-16 18:58:46.953 DEBUG 1772 --- [http-nio-8080-exec-6] org.hibernate.SQL                        : update hibernate_sequence set next_val= ? where next_val=?
2021-02-16 18:58:46.958 DEBUG 1772 --- [http-nio-8080-exec-6] org.hibernate.SQL                        : insert into contatto (cognome, nome, telefono, id) values (?, ?, ?, ?)
2021-02-16 18:58:46.959 TRACE 1772 --- [http-nio-8080-exec-6] o.h.type.descriptor.sql.BasicBinder      : binding parameter [1] as [VARCHAR] - [Lezzerini]
2021-02-16 18:58:46.959 TRACE 1772 --- [http-nio-8080-exec-6] o.h.type.descriptor.sql.BasicBinder      : binding parameter [2] as [VARCHAR] - [Luca]
2021-02-16 18:58:46.960 TRACE 1772 --- [http-nio-8080-exec-6] o.h.type.descriptor.sql.BasicBinder      : binding parameter [3] as [VARCHAR] - [261651561]
2021-02-16 18:58:46.960 TRACE 1772 --- [http-nio-8080-exec-6] o.h.type.descriptor.sql.BasicBinder      : binding parameter [4] as [BIGINT] - [10]
2021-02-16 18:58:46.964 DEBUG 1772 --- [http-nio-8080-exec-6] org.hibernate.SQL                        : select contatto0_.id as id1_0_, contatto0_.cognome as cognome2_0_, contatto0_.nome as nome3_0_, contatto0_.telefono as telefono4_0_ from contatto contatto0_
2021-02-16 18:58:52.110 DEBUG 1772 --- [http-nio-8080-exec-7] org.hibernate.SQL                        : select next_val as id_val from hibernate_sequence for update
2021-02-16 18:58:52.111 DEBUG 1772 --- [http-nio-8080-exec-7] org.hibernate.SQL                        : update hibernate_sequence set next_val= ? where next_val=?
2021-02-16 18:58:52.119 DEBUG 1772 --- [http-nio-8080-exec-7] org.hibernate.SQL                        : insert into contatto (cognome, nome, telefono, id) values (?, ?, ?, ?)
2021-02-16 18:58:52.119 TRACE 1772 --- [http-nio-8080-exec-7] o.h.type.descriptor.sql.BasicBinder      : binding parameter [1] as [VARCHAR] - [Come ]
2021-02-16 18:58:52.119 TRACE 1772 --- [http-nio-8080-exec-7] o.h.type.descriptor.sql.BasicBinder      : binding parameter [2] as [VARCHAR] - [Ciao]
2021-02-16 18:58:52.119 TRACE 1772 --- [http-nio-8080-exec-7] o.h.type.descriptor.sql.BasicBinder      : binding parameter [3] as [VARCHAR] - [Stai]
2021-02-16 18:58:52.119 TRACE 1772 --- [http-nio-8080-exec-7] o.h.type.descriptor.sql.BasicBinder      : binding parameter [4] as [BIGINT] - [11]
2021-02-16 18:58:52.122 DEBUG 1772 --- [http-nio-8080-exec-7] org.hibernate.SQL                        : select contatto0_.id as id1_0_, contatto0_.cognome as cognome2_0_, contatto0_.nome as nome3_0_, contatto0_.telefono as telefono4_0_ from contatto contatto0_
2021-02-16 18:59:01.471 DEBUG 1772 --- [http-nio-8080-exec-8] org.hibernate.SQL                        : select next_val as id_val from hibernate_sequence for update
2021-02-16 18:59:01.472 DEBUG 1772 --- [http-nio-8080-exec-8] org.hibernate.SQL                        : update hibernate_sequence set next_val= ? where next_val=?
2021-02-16 18:59:01.478 DEBUG 1772 --- [http-nio-8080-exec-8] org.hibernate.SQL                        : insert into contatto (cognome, nome, telefono, id) values (?, ?, ?, ?)
2021-02-16 18:59:01.480 TRACE 1772 --- [http-nio-8080-exec-8] o.h.type.descriptor.sql.BasicBinder      : binding parameter [1] as [VARCHAR] - [ved1amo]
2021-02-16 18:59:01.480 TRACE 1772 --- [http-nio-8080-exec-8] o.h.type.descriptor.sql.BasicBinder      : binding parameter [2] as [VARCHAR] - [c1]
2021-02-16 18:59:01.480 TRACE 1772 --- [http-nio-8080-exec-8] o.h.type.descriptor.sql.BasicBinder      : binding parameter [3] as [VARCHAR] - [1694]
2021-02-16 18:59:01.480 TRACE 1772 --- [http-nio-8080-exec-8] o.h.type.descriptor.sql.BasicBinder      : binding parameter [4] as [BIGINT] - [12]
2021-02-16 18:59:01.483 DEBUG 1772 --- [http-nio-8080-exec-8] org.hibernate.SQL                        : select contatto0_.id as id1_0_, contatto0_.cognome as cognome2_0_, contatto0_.nome as nome3_0_, contatto0_.telefono as telefono4_0_ from contatto contatto0_
2021-02-16 18:59:13.922 DEBUG 1772 --- [http-nio-8080-exec-9] org.hibernate.SQL                        : select next_val as id_val from hibernate_sequence for update
2021-02-16 18:59:13.923 DEBUG 1772 --- [http-nio-8080-exec-9] org.hibernate.SQL                        : update hibernate_sequence set next_val= ? where next_val=?
2021-02-16 18:59:13.931 DEBUG 1772 --- [http-nio-8080-exec-9] org.hibernate.SQL                        : insert into contatto (cognome, nome, telefono, id) values (?, ?, ?, ?)
2021-02-16 18:59:13.931 TRACE 1772 --- [http-nio-8080-exec-9] o.h.type.descriptor.sql.BasicBinder      : binding parameter [1] as [VARCHAR] - [Cari]
2021-02-16 18:59:13.932 TRACE 1772 --- [http-nio-8080-exec-9] o.h.type.descriptor.sql.BasicBinder      : binding parameter [2] as [VARCHAR] - [Tanti]
2021-02-16 18:59:13.932 TRACE 1772 --- [http-nio-8080-exec-9] o.h.type.descriptor.sql.BasicBinder      : binding parameter [3] as [VARCHAR] - [salutt1]
2021-02-16 18:59:13.932 TRACE 1772 --- [http-nio-8080-exec-9] o.h.type.descriptor.sql.BasicBinder      : binding parameter [4] as [BIGINT] - [13]
2021-02-16 18:59:13.936 DEBUG 1772 --- [http-nio-8080-exec-9] org.hibernate.SQL                        : select contatto0_.id as id1_0_, contatto0_.cognome as cognome2_0_, contatto0_.nome as nome3_0_, contatto0_.telefono as telefono4_0_ from contatto contatto0_
2021-02-16 19:00:58.006 DEBUG 1772 --- [http-nio-8080-exec-1] org.hibernate.SQL                        : select contatto0_.id as id1_0_, contatto0_.cognome as cognome2_0_, contatto0_.nome as nome3_0_, contatto0_.telefono as telefono4_0_ from contatto contatto0_
2021-02-16 19:01:46.684 DEBUG 1772 --- [http-nio-8080-exec-2] org.hibernate.SQL                        : select contatto0_.id as id1_0_, contatto0_.cognome as cognome2_0_, contatto0_.nome as nome3_0_, contatto0_.telefono as telefono4_0_ from contatto contatto0_
2021-02-16 19:01:51.087 DEBUG 1772 --- [http-nio-8080-exec-4] org.hibernate.SQL                        : select contatto0_.id as id1_0_, contatto0_.cognome as cognome2_0_, contatto0_.nome as nome3_0_, contatto0_.telefono as telefono4_0_ from contatto contatto0_ where contatto0_.nome like ? escape ? or contatto0_.cognome like ? escape ? or contatto0_.telefono like ? escape ?
2021-02-16 19:01:51.088 TRACE 1772 --- [http-nio-8080-exec-4] o.h.type.descriptor.sql.BasicBinder      : binding parameter [1] as [VARCHAR] - [%Luca%]
2021-02-16 19:01:51.088 TRACE 1772 --- [http-nio-8080-exec-4] o.h.type.descriptor.sql.BasicBinder      : binding parameter [2] as [CHAR] - [\]
2021-02-16 19:01:51.089 TRACE 1772 --- [http-nio-8080-exec-4] o.h.type.descriptor.sql.BasicBinder      : binding parameter [3] as [VARCHAR] - [%Luca%]
2021-02-16 19:01:51.089 TRACE 1772 --- [http-nio-8080-exec-4] o.h.type.descriptor.sql.BasicBinder      : binding parameter [4] as [CHAR] - [\]
2021-02-16 19:01:51.089 TRACE 1772 --- [http-nio-8080-exec-4] o.h.type.descriptor.sql.BasicBinder      : binding parameter [5] as [VARCHAR] - [%Luca%]
2021-02-16 19:01:51.089 TRACE 1772 --- [http-nio-8080-exec-4] o.h.type.descriptor.sql.BasicBinder      : binding parameter [6] as [CHAR] - [\]
2021-02-16 19:01:55.636 DEBUG 1772 --- [http-nio-8080-exec-5] org.hibernate.SQL                        : select contatto0_.id as id1_0_, contatto0_.cognome as cognome2_0_, contatto0_.nome as nome3_0_, contatto0_.telefono as telefono4_0_ from contatto contatto0_ where contatto0_.nome like ? escape ? or contatto0_.cognome like ? escape ? or contatto0_.telefono like ? escape ?
2021-02-16 19:01:55.637 TRACE 1772 --- [http-nio-8080-exec-5] o.h.type.descriptor.sql.BasicBinder      : binding parameter [1] as [VARCHAR] - [%1%]
2021-02-16 19:01:55.637 TRACE 1772 --- [http-nio-8080-exec-5] o.h.type.descriptor.sql.BasicBinder      : binding parameter [2] as [CHAR] - [\]
2021-02-16 19:01:55.638 TRACE 1772 --- [http-nio-8080-exec-5] o.h.type.descriptor.sql.BasicBinder      : binding parameter [3] as [VARCHAR] - [%1%]
2021-02-16 19:01:55.638 TRACE 1772 --- [http-nio-8080-exec-5] o.h.type.descriptor.sql.BasicBinder      : binding parameter [4] as [CHAR] - [\]
2021-02-16 19:01:55.638 TRACE 1772 --- [http-nio-8080-exec-5] o.h.type.descriptor.sql.BasicBinder      : binding parameter [5] as [VARCHAR] - [%1%]
2021-02-16 19:01:55.638 TRACE 1772 --- [http-nio-8080-exec-5] o.h.type.descriptor.sql.BasicBinder      : binding parameter [6] as [CHAR] - [\]
